[debug] [2023-11-23T23:05:23.673Z] ----------------------------------------------------------------------
[debug] [2023-11-23T23:05:23.694Z] Command:       C:\Program Files\nodejs\node.exe C:\Users\MELVIN\AppData\Roaming\npm\node_modules\firebase-tools\lib\bin\firebase.js login
[debug] [2023-11-23T23:05:23.695Z] CLI Version:   12.9.1
[debug] [2023-11-23T23:05:23.695Z] Platform:      win32
[debug] [2023-11-23T23:05:23.696Z] Node Version:  v20.9.0
[debug] [2023-11-23T23:05:23.696Z] Time:          Thu Nov 23 2023 23:05:23 GMT+0000 (Greenwich Mean Time)
[debug] [2023-11-23T23:05:23.696Z] ----------------------------------------------------------------------
[debug] 
[debug] [2023-11-23T23:05:23.719Z] >>> [apiv2][query] GET https://firebase-public.firebaseio.com/cli.json [none]
[info] i  Firebase optionally collects CLI and Emulator Suite usage and error reporting information to help improve our products. Data is collected in accordance with Google's privacy policy (https://policies.google.com/privacy) and is not used to identify you.
 
[debug] [2023-11-23T23:05:23.673Z] ----------------------------------------------------------------------
[debug] [2023-11-23T23:05:23.694Z] Command:       C:\Program Files\nodejs\node.exe C:\Users\MELVIN\AppData\Roaming\npm\node_modules\firebase-tools\lib\bin\firebase.js login
[debug] [2023-11-23T23:05:23.695Z] CLI Version:   12.9.1
[debug] [2023-11-23T23:05:23.695Z] Platform:      win32
[debug] [2023-11-23T23:05:23.696Z] Node Version:  v20.9.0
[debug] [2023-11-23T23:05:23.696Z] Time:          Thu Nov 23 2023 23:05:23 GMT+0000 (Greenwich Mean Time)
[debug] [2023-11-23T23:05:23.696Z] ----------------------------------------------------------------------
[debug] 
[debug] [2023-11-23T23:05:23.719Z] >>> [apiv2][query] GET https://firebase-public.firebaseio.com/cli.json [none]
[info] i  Firebase optionally collects CLI and Emulator Suite usage and error reporting information to help improve our products. Data is collected in accordance with Google's privacy policy (https://policies.google.com/privacy) and is not used to identify you.
 
[info] i  To change your data collection preference at any time, run `firebase logout` and log in again. 
[info] 
[info] Visit this URL on this device to log in:
[info] https://accounts.google.com/o/oauth2/auth?client_id=563584335869-fgrhgmd47bqnekij5i8b5pr03ho849e6.apps.googleusercontent.com&scope=email%20openid%20https%3A%2F%2Fwww.googleapis.com%2Fauth%2Fcloudplatformprojects.readonly%20https%3A%2F%2Fwww.googleapis.com%2Fauth%2Ffirebase%20https%3A%2F%2Fwww.googleapis.com%2Fauth%2Fcloud-platform&response_type=code&state=531232941&redirect_uri=http%3A%2F%2Flocalhost%3A9005
[info] 
[info] Waiting for authentication...
[debug] [2023-11-23T23:05:27.712Z] <<< [apiv2][status] GET https://firebase-public.firebaseio.com/cli.json 200
[debug] [2023-11-23T23:05:27.727Z] <<< [apiv2][status] GET https://firebase-public.firebaseio.com/cli.json 200
[debug] [2023-11-23T23:05:27.712Z] <<< [apiv2][body] GET https://firebase-public.firebaseio.com/cli.json {"cloudBuildErrorAfter":1594252800000,"cloudBuildWarnAfter":1590019200000,"defaultNode10After":1594252800000,"minVersion":"3.0.5","node8DeploysDisabledAfter":1613390400000,"node8RuntimeDisabledAfter":1615809600000,"node8WarnAfter":1600128000000}
[debug] [2023-11-23T23:05:27.728Z] <<< [apiv2][body] GET https://firebase-public.firebaseio.com/cli.json {"cloudBuildErrorAfter":1594252800000,"cloudBuildWarnAfter":1590019200000,"defaultNode10After":1594252800000,"minVersion":"3.0.5","node8DeploysDisabledAfter":1613390400000,"node8RuntimeDisabledAfter":1615809600000,"node8WarnAfter":1600128000000}
[debug] [2023-11-23T23:08:00.752Z] >>> [apiv2][query] POST https://accounts.google.com/o/oauth2/token [none]
[debug] [2023-11-23T23:08:00.753Z] >>> [apiv2][body] POST https://accounts.google.com/o/oauth2/token [omitted]
[debug] [2023-11-23T23:08:08.065Z] <<< [apiv2][status] POST https://accounts.google.com/o/oauth2/token 200
[debug] [2023-11-23T23:08:08.066Z] <<< [apiv2][body] POST https://accounts.google.com/o/oauth2/token [omitted]
[info] 
[info] +  Success! Logged in as melvinbenjamin777@gmail.com 
